stadtstrandduesseldorf
mr.baeta_restaurant
savannahaze
diana.color
jositobabyofficial
anouschka_thunderbaby
feye_music
thecodeagencyduesseldorf
whoisdarkkolingo
blublu.hairdresser
ticesound
ina.musicofficial
butterzart_ofc
bokhor_time
yuliya_openheart
bleibdufte
myelectronicdiaries
silvana_ibiza17
mischavernov
oktorestaurant
raphael.hieronimus
flavionunes.de
eveinparadise
lola_land_revue
danielwernermusic
annikaahaa
gre_goa
pa.marinescu
sha_ja_93
dusfoodlove
valesannawine
blind_don
moonbase_ddorf
sofiaklein.h
pxlmilia
reidemeisterundulrichs
canna.moe
daddy.diffr3nt.dnb
bionicaudio
grand_maitre_gbenouga
sylevans.art
weingutkarlerbes
raphaeldrumz
_peterdahmen_
proffkenyatheafrikan
allyoucanhateband
noise_boys.concerts
frauarns
funghi_farm
marcello_leonardi
kosmetik.sugaring.dusseldorf
marmil_art
klosterflingern
leander.mll
leonie_schreibt
amafofie
x_keko420_x
nadjasview
buergerhaussalzmannbau
polischuelter
anouarkhessairi
marcushaefs
tobi_sonic
love_peach_2018
benjaminoskelacci
olya_lavrin
__basti___________
laleacarina
marcalexanderjonen
impactairlines42
cafe_kultus
nadine_stefanie_sole
jackdevaneymusic
soundsbyzarah
kiky_kreemcheese
artofreggaedrumming
du_tours
waitress_or_itgirl
longing_of_the_sea
beatriz.akupara
chapiteau_duesseldorf
binebellmann
aka.real.estate
lynnm.heinz
noah.kls
stephan.liebsch
thexgoldenone
sinaeileen__
_alohsn.music
angel.hm
babohne
blacksheepproduction
renata_na_
janella_bolognese
susanna.luise
mr.stef90
themoviemen_music
tatuscha
kara_alicja
rabiatmusic
anne_dickmann
miguelpassarge
i.n.a.dus
_dani_ela_d
musikundmeer.de
whereeisnoah
luxury.communism.band
vera_lotuscoaching
hexelilyfee